android/app/build/intermediates/manifest_merge_blame_file/release/manifest-merger-blame-release-report.txt
1<?xml version="1.0" encoding="utf-8"?>
2<manifest xmlns:android="http://schemas.android.com/apk/res/android"
3    package="com.countdowntimer.app"
4    android:versionCode="1"
5    android:versionName="1.0.0" >
6
7    <uses-sdk
8        android:minSdkVersion="23"
9        android:targetSdkVersion="34" />
10
11    <uses-permission android:name="android.permission.CAMERA" />
11-->src\main\AndroidManifest.xml:2:3-62
11-->src\main\AndroidManifest.xml:2:20-60
12    <uses-permission android:name="android.permission.INTERNET" />
12-->src\main\AndroidManifest.xml:3:3-64
12-->src\main\AndroidManifest.xml:3:20-62
13    <uses-permission android:name="android.permission.READ_EXTERNAL_STORAGE" />
13-->src\main\AndroidManifest.xml:4:3-77
13-->src\main\AndroidManifest.xml:4:20-75
14    <uses-permission android:name="android.permission.RECORD_AUDIO" />
14-->src\main\AndroidManifest.xml:5:3-68
14-->src\main\AndroidManifest.xml:5:20-66
15    <uses-permission android:name="android.permission.SYSTEM_ALERT_WINDOW" />
15-->src\main\AndroidManifest.xml:6:3-75
15-->src\main\AndroidManifest.xml:6:20-73
16    <uses-permission android:name="android.permission.VIBRATE" />
16-->src\main\AndroidManifest.xml:7:3-63
16-->src\main\AndroidManifest.xml:7:20-61
17    <uses-permission android:name="android.permission.WRITE_EXTERNAL_STORAGE" />
17-->src\main\AndroidManifest.xml:8:3-78
17-->src\main\AndroidManifest.xml:8:20-76
18
19    <!-- WiFi and Location permissions for BSSID detection -->
20    <uses-permission android:name="android.permission.ACCESS_WIFI_STATE" />
20-->src\main\AndroidManifest.xml:11:3-73
20-->src\main\AndroidManifest.xml:11:20-71
21    <uses-permission android:name="android.permission.CHANGE_WIFI_STATE" />
21-->src\main\AndroidManifest.xml:12:3-73
21-->src\main\AndroidManifest.xml:12:20-71
22    <uses-permission android:name="android.permission.ACCESS_FINE_LOCATION" />
22-->src\main\AndroidManifest.xml:13:3-76
22-->src\main\AndroidManifest.xml:13:20-74
23    <uses-permission android:name="android.permission.ACCESS_COARSE_LOCATION" />
23-->src\main\AndroidManifest.xml:14:3-78
23-->src\main\AndroidManifest.xml:14:20-76
24
25    <queries>
25-->src\main\AndroidManifest.xml:15:3-21:13
26        <intent>
26-->src\main\AndroidManifest.xml:16:5-20:14
27            <action android:name="android.intent.action.VIEW" />
27-->src\main\AndroidManifest.xml:17:7-58
27-->src\main\AndroidManifest.xml:17:15-56
28
29            <category android:name="android.intent.category.BROWSABLE" />
29-->src\main\AndroidManifest.xml:18:7-67
29-->src\main\AndroidManifest.xml:18:17-65
30
31            <data android:scheme="https" />
31-->src\main\AndroidManifest.xml:19:7-37
31-->src\main\AndroidManifest.xml:19:13-35
32        </intent>
33        <!-- Query open documents -->
34        <intent>
34-->[:expo-file-system] AndroidManifest.xml:15:9-17:18
35            <action android:name="android.intent.action.OPEN_DOCUMENT_TREE" />
35-->[:expo-file-system] AndroidManifest.xml:16:13-79
35-->[:expo-file-system] AndroidManifest.xml:16:21-76
36        </intent>
37        <intent>
37-->[:expo-image-picker] AndroidManifest.xml:15:9-19:18
38
39            <!-- Required for picking images from the camera roll if targeting API 30 -->
40            <action android:name="android.media.action.IMAGE_CAPTURE" />
40-->[:expo-image-picker] AndroidManifest.xml:18:13-73
40-->[:expo-image-picker] AndroidManifest.xml:18:21-70
41        </intent>
42        <intent>
42-->[:expo-image-picker] AndroidManifest.xml:20:9-24:18
43
44            <!-- Required for picking images from the camera if targeting API 30 -->
45            <action android:name="android.media.action.ACTION_VIDEO_CAPTURE" />
45-->[:expo-image-picker] AndroidManifest.xml:23:13-80
45-->[:expo-image-picker] AndroidManifest.xml:23:21-77
46        </intent>
47        <intent>
47-->[androidx.camera:camera-extensions:1.4.0-beta02] AndroidManifest.xml:23:9-25:18
48            <action android:name="androidx.camera.extensions.action.VENDOR_ACTION" />
48-->[androidx.camera:camera-extensions:1.4.0-beta02] AndroidManifest.xml:24:13-86
48-->[androidx.camera:camera-extensions:1.4.0-beta02] AndroidManifest.xml:24:21-83
49        </intent>
50        <intent>
50-->[com.github.CanHub:Android-Image-Cropper:4.3.1] AndroidManifest.xml:10:9-16:18
51            <action android:name="android.intent.action.GET_CONTENT" />
51-->[com.github.CanHub:Android-Image-Cropper:4.3.1] AndroidManifest.xml:11:13-72
51-->[com.github.CanHub:Android-Image-Cropper:4.3.1] AndroidManifest.xml:11:21-69
52
53            <category android:name="android.intent.category.OPENABLE" />
53-->[com.github.CanHub:Android-Image-Cropper:4.3.1] AndroidManifest.xml:13:13-73
53-->[com.github.CanHub:Android-Image-Cropper:4.3.1] AndroidManifest.xml:13:23-70
54
55            <data android:mimeType="*/*" />
55-->src\main\AndroidManifest.xml:19:7-37
56        </intent>
57    </queries>
58
59    <uses-permission android:name="android.permission.CHANGE_NETWORK_STATE" />
59-->[:react-native-wifi-reborn] AndroidManifest.xml:10:5-79
59-->[:react-native-wifi-reborn] AndroidManifest.xml:10:22-76
60    <uses-permission android:name="android.permission.ACCESS_NETWORK_STATE" />
60-->[:react-native-wifi-reborn] AndroidManifest.xml:11:5-79
60-->[:react-native-wifi-reborn] AndroidManifest.xml:11:22-76
61    <uses-permission android:name="android.permission.RECEIVE_BOOT_COMPLETED" />
61-->[:expo-notifications] AndroidManifest.xml:7:5-81
61-->[:expo-notifications] AndroidManifest.xml:7:22-78
62    <uses-permission android:name="android.permission.POST_NOTIFICATIONS" />
62-->[:expo-notifications] AndroidManifest.xml:8:5-77
62-->[:expo-notifications] AndroidManifest.xml:8:22-74
63    <uses-permission android:name="android.permission.ACTIVITY_RECOGNITION" />
63-->[:expo-sensors] AndroidManifest.xml:7:5-79
63-->[:expo-sensors] AndroidManifest.xml:7:22-76
64
65    <uses-feature
65-->[com.google.android:cameraview:1.0.0] AndroidManifest.xml:25:5-27:36
66        android:name="android.hardware.camera"
66-->[com.google.android:cameraview:1.0.0] AndroidManifest.xml:26:9-47
67        android:required="false" />
67-->[com.google.android:cameraview:1.0.0] AndroidManifest.xml:27:9-33
68    <uses-feature
68-->[com.google.android:cameraview:1.0.0] AndroidManifest.xml:28:5-30:36
69        android:name="android.hardware.camera.autofocus"
69-->[com.google.android:cameraview:1.0.0] AndroidManifest.xml:29:9-57
70        android:required="false" />
70-->[com.google.android:cameraview:1.0.0] AndroidManifest.xml:30:9-33
71
72    <uses-permission android:name="android.permission.WAKE_LOCK" /> <!-- Required by older versions of Google Play services to create IID tokens -->
72-->[com.google.firebase:firebase-messaging:24.0.1] AndroidManifest.xml:24:5-68
72-->[com.google.firebase:firebase-messaging:24.0.1] AndroidManifest.xml:24:22-65
73    <uses-permission android:name="com.google.android.c2dm.permission.RECEIVE" />
73-->[com.google.firebase:firebase-messaging:24.0.1] AndroidManifest.xml:26:5-82
73-->[com.google.firebase:firebase-messaging:24.0.1] AndroidManifest.xml:26:22-79
74
75    <permission
75-->[androidx.core:core:1.12.0] AndroidManifest.xml:22:5-24:47
76        android:name="com.countdowntimer.app.DYNAMIC_RECEIVER_NOT_EXPORTED_PERMISSION"
76-->[androidx.core:core:1.12.0] AndroidManifest.xml:23:9-81
77        android:protectionLevel="signature" />
77-->[androidx.core:core:1.12.0] AndroidManifest.xml:24:9-44
78
79    <uses-permission android:name="com.countdowntimer.app.DYNAMIC_RECEIVER_NOT_EXPORTED_PERMISSION" />
79-->[androidx.core:core:1.12.0] AndroidManifest.xml:26:5-97
79-->[androidx.core:core:1.12.0] AndroidManifest.xml:26:22-94
80    <uses-permission android:name="com.google.android.finsky.permission.BIND_GET_INSTALL_REFERRER_SERVICE" /> <!-- for android -->
80-->[com.android.installreferrer:installreferrer:2.2] AndroidManifest.xml:9:5-110
80-->[com.android.installreferrer:installreferrer:2.2] AndroidManifest.xml:9:22-107
81    <!-- <uses-permission android:name="com.android.launcher.permission.READ_SETTINGS"/> -->
82    <!-- <uses-permission android:name="com.android.launcher.permission.WRITE_SETTINGS"/> -->
83    <!-- <uses-permission android:name="com.android.launcher.permission.INSTALL_SHORTCUT" /> -->
84    <!-- <uses-permission android:name="com.android.launcher.permission.UNINSTALL_SHORTCUT" /> -->
85    <!-- for Samsung -->
86    <uses-permission android:name="com.sec.android.provider.badge.permission.READ" />
86-->[me.leolin:ShortcutBadger:1.1.22] AndroidManifest.xml:19:5-86
86-->[me.leolin:ShortcutBadger:1.1.22] AndroidManifest.xml:19:22-83
87    <uses-permission android:name="com.sec.android.provider.badge.permission.WRITE" /> <!-- for htc -->
87-->[me.leolin:ShortcutBadger:1.1.22] AndroidManifest.xml:20:5-87
87-->[me.leolin:ShortcutBadger:1.1.22] AndroidManifest.xml:20:22-84
88    <uses-permission android:name="com.htc.launcher.permission.READ_SETTINGS" />
88-->[me.leolin:ShortcutBadger:1.1.22] AndroidManifest.xml:23:5-81
88-->[me.leolin:ShortcutBadger:1.1.22] AndroidManifest.xml:23:22-78
89    <uses-permission android:name="com.htc.launcher.permission.UPDATE_SHORTCUT" /> <!-- for sony -->
89-->[me.leolin:ShortcutBadger:1.1.22] AndroidManifest.xml:24:5-83
89-->[me.leolin:ShortcutBadger:1.1.22] AndroidManifest.xml:24:22-80
90    <uses-permission android:name="com.sonyericsson.home.permission.BROADCAST_BADGE" />
90-->[me.leolin:ShortcutBadger:1.1.22] AndroidManifest.xml:27:5-88
90-->[me.leolin:ShortcutBadger:1.1.22] AndroidManifest.xml:27:22-85
91    <uses-permission android:name="com.sonymobile.home.permission.PROVIDER_INSERT_BADGE" /> <!-- for apex -->
91-->[me.leolin:ShortcutBadger:1.1.22] AndroidManifest.xml:28:5-92
91-->[me.leolin:ShortcutBadger:1.1.22] AndroidManifest.xml:28:22-89
92    <uses-permission android:name="com.anddoes.launcher.permission.UPDATE_COUNT" /> <!-- for solid -->
92-->[me.leolin:ShortcutBadger:1.1.22] AndroidManifest.xml:31:5-84
92-->[me.leolin:ShortcutBadger:1.1.22] AndroidManifest.xml:31:22-81
93    <uses-permission android:name="com.majeur.launcher.permission.UPDATE_BADGE" /> <!-- for huawei -->
93-->[me.leolin:ShortcutBadger:1.1.22] AndroidManifest.xml:34:5-83
93-->[me.leolin:ShortcutBadger:1.1.22] AndroidManifest.xml:34:22-80
94    <uses-permission android:name="com.huawei.android.launcher.permission.CHANGE_BADGE" />
94-->[me.leolin:ShortcutBadger:1.1.22] AndroidManifest.xml:37:5-91
94-->[me.leolin:ShortcutBadger:1.1.22] AndroidManifest.xml:37:22-88
95    <uses-permission android:name="com.huawei.android.launcher.permission.READ_SETTINGS" />
95-->[me.leolin:ShortcutBadger:1.1.22] AndroidManifest.xml:38:5-92
95-->[me.leolin:ShortcutBadger:1.1.22] AndroidManifest.xml:38:22-89
96    <uses-permission android:name="com.huawei.android.launcher.permission.WRITE_SETTINGS" /> <!-- for ZUK -->
96-->[me.leolin:ShortcutBadger:1.1.22] AndroidManifest.xml:39:5-93
96-->[me.leolin:ShortcutBadger:1.1.22] AndroidManifest.xml:39:22-90
97    <uses-permission android:name="android.permission.READ_APP_BADGE" /> <!-- for OPPO -->
97-->[me.leolin:ShortcutBadger:1.1.22] AndroidManifest.xml:42:5-73
97-->[me.leolin:ShortcutBadger:1.1.22] AndroidManifest.xml:42:22-70
98    <uses-permission android:name="com.oppo.launcher.permission.READ_SETTINGS" />
98-->[me.leolin:ShortcutBadger:1.1.22] AndroidManifest.xml:45:5-82
98-->[me.leolin:ShortcutBadger:1.1.22] AndroidManifest.xml:45:22-79
99    <uses-permission android:name="com.oppo.launcher.permission.WRITE_SETTINGS" /> <!-- for EvMe -->
99-->[me.leolin:ShortcutBadger:1.1.22] AndroidManifest.xml:46:5-83
99-->[me.leolin:ShortcutBadger:1.1.22] AndroidManifest.xml:46:22-80
100    <uses-permission android:name="me.everything.badger.permission.BADGE_COUNT_READ" />
100-->[me.leolin:ShortcutBadger:1.1.22] AndroidManifest.xml:49:5-88
100-->[me.leolin:ShortcutBadger:1.1.22] AndroidManifest.xml:49:22-85
101    <uses-permission android:name="me.everything.badger.permission.BADGE_COUNT_WRITE" />
101-->[me.leolin:ShortcutBadger:1.1.22] AndroidManifest.xml:50:5-89
101-->[me.leolin:ShortcutBadger:1.1.22] AndroidManifest.xml:50:22-86
102
103    <application
103-->src\main\AndroidManifest.xml:22:3-39:17
104        android:name="com.countdowntimer.app.MainApplication"
104-->src\main\AndroidManifest.xml:22:16-47
105        android:allowBackup="true"
105-->src\main\AndroidManifest.xml:22:162-188
106        android:appComponentFactory="androidx.core.app.CoreComponentFactory"
106-->[androidx.core:core:1.12.0] AndroidManifest.xml:28:18-86
107        android:extractNativeLibs="false"
108        android:icon="@mipmap/ic_launcher"
108-->src\main\AndroidManifest.xml:22:81-115
109        android:label="@string/app_name"
109-->src\main\AndroidManifest.xml:22:48-80
110        android:roundIcon="@mipmap/ic_launcher_round"
110-->src\main\AndroidManifest.xml:22:116-161
111        android:theme="@style/AppTheme" >
111-->src\main\AndroidManifest.xml:22:189-220
112        <meta-data
112-->src\main\AndroidManifest.xml:23:5-83
113            android:name="expo.modules.updates.ENABLED"
113-->src\main\AndroidManifest.xml:23:16-59
114            android:value="false" />
114-->src\main\AndroidManifest.xml:23:60-81
115        <meta-data
115-->src\main\AndroidManifest.xml:24:5-105
116            android:name="expo.modules.updates.EXPO_UPDATES_CHECK_ON_LAUNCH"
116-->src\main\AndroidManifest.xml:24:16-80
117            android:value="ALWAYS" />
117-->src\main\AndroidManifest.xml:24:81-103
118        <meta-data
118-->src\main\AndroidManifest.xml:25:5-99
119            android:name="expo.modules.updates.EXPO_UPDATES_LAUNCH_WAIT_MS"
119-->src\main\AndroidManifest.xml:25:16-79
120            android:value="0" />
120-->src\main\AndroidManifest.xml:25:80-97
121
122        <activity
122-->src\main\AndroidManifest.xml:26:5-37:16
123            android:name="com.countdowntimer.app.MainActivity"
123-->src\main\AndroidManifest.xml:26:15-43
124            android:configChanges="keyboard|keyboardHidden|orientation|screenSize|screenLayout|uiMode"
124-->src\main\AndroidManifest.xml:26:44-134
125            android:exported="true"
125-->src\main\AndroidManifest.xml:26:256-279
126            android:launchMode="singleTask"
126-->src\main\AndroidManifest.xml:26:135-166
127            android:screenOrientation="portrait"
127-->src\main\AndroidManifest.xml:26:280-316
128            android:theme="@style/Theme.App.SplashScreen"
128-->src\main\AndroidManifest.xml:26:210-255
129            android:windowSoftInputMode="adjustResize" >
129-->src\main\AndroidManifest.xml:26:167-209
130            <intent-filter>
130-->src\main\AndroidManifest.xml:27:7-30:23
131                <action android:name="android.intent.action.MAIN" />
131-->src\main\AndroidManifest.xml:28:9-60
131-->src\main\AndroidManifest.xml:28:17-58
132
133                <category android:name="android.intent.category.LAUNCHER" />
133-->src\main\AndroidManifest.xml:29:9-68
133-->src\main\AndroidManifest.xml:29:19-66
134            </intent-filter>
135            <intent-filter>
135-->src\main\AndroidManifest.xml:31:7-36:23
136                <action android:name="android.intent.action.VIEW" />
136-->src\main\AndroidManifest.xml:17:7-58
136-->src\main\AndroidManifest.xml:17:15-56
137
138                <category android:name="android.intent.category.DEFAULT" />
138-->src\main\AndroidManifest.xml:33:9-67
138-->src\main\AndroidManifest.xml:33:19-65
139                <category android:name="android.intent.category.BROWSABLE" />
139-->src\main\AndroidManifest.xml:18:7-67
139-->src\main\AndroidManifest.xml:18:17-65
140
141                <data android:scheme="com.countdowntimer.app" />
141-->src\main\AndroidManifest.xml:19:7-37
141-->src\main\AndroidManifest.xml:19:13-35
142            </intent-filter>
143        </activity>
144        <activity
144-->src\main\AndroidManifest.xml:38:5-106
145            android:name="com.facebook.react.devsupport.DevSettingsActivity"
145-->src\main\AndroidManifest.xml:38:15-79
146            android:exported="false" />
146-->src\main\AndroidManifest.xml:38:80-104
147
148        <provider
148-->[:react-native-webview] AndroidManifest.xml:8:9-16:20
149            android:name="com.reactnativecommunity.webview.RNCWebViewFileProvider"
149-->[:react-native-webview] AndroidManifest.xml:9:13-83
150            android:authorities="com.countdowntimer.app.fileprovider"
150-->[:react-native-webview] AndroidManifest.xml:10:13-64
151            android:exported="false"
151-->[:react-native-webview] AndroidManifest.xml:11:13-37
152            android:grantUriPermissions="true" >
152-->[:react-native-webview] AndroidManifest.xml:12:13-47
153            <meta-data
153-->[:react-native-webview] AndroidManifest.xml:13:13-15:63
154                android:name="android.support.FILE_PROVIDER_PATHS"
154-->[:react-native-webview] AndroidManifest.xml:14:17-67
155                android:resource="@xml/file_provider_paths" />
155-->[:react-native-webview] AndroidManifest.xml:15:17-60
156        </provider>
157        <provider
157-->[:expo-file-system] AndroidManifest.xml:21:9-30:20
158            android:name="expo.modules.filesystem.FileSystemFileProvider"
158-->[:expo-file-system] AndroidManifest.xml:22:13-74
159            android:authorities="com.countdowntimer.app.FileSystemFileProvider"
159-->[:expo-file-system] AndroidManifest.xml:23:13-74
160            android:exported="false"
160-->[:expo-file-system] AndroidManifest.xml:24:13-37
161            android:grantUriPermissions="true" >
161-->[:expo-file-system] AndroidManifest.xml:25:13-47
162            <meta-data
162-->[:react-native-webview] AndroidManifest.xml:13:13-15:63
163                android:name="android.support.FILE_PROVIDER_PATHS"
163-->[:react-native-webview] AndroidManifest.xml:14:17-67
164                android:resource="@xml/file_system_provider_paths" />
164-->[:react-native-webview] AndroidManifest.xml:15:17-60
165        </provider>
166
167        <service
167-->[:expo-image-picker] AndroidManifest.xml:28:9-40:19
168            android:name="com.google.android.gms.metadata.ModuleDependencies"
168-->[:expo-image-picker] AndroidManifest.xml:29:13-78
169            android:enabled="false"
169-->[:expo-image-picker] AndroidManifest.xml:30:13-36
170            android:exported="false" >
170-->[:expo-image-picker] AndroidManifest.xml:31:13-37
171            <intent-filter>
171-->[:expo-image-picker] AndroidManifest.xml:33:13-35:29
172                <action android:name="com.google.android.gms.metadata.MODULE_DEPENDENCIES" />
172-->[:expo-image-picker] AndroidManifest.xml:34:17-94
172-->[:expo-image-picker] AndroidManifest.xml:34:25-91
173            </intent-filter>
174
175            <meta-data
175-->[:expo-image-picker] AndroidManifest.xml:37:13-39:36
176                android:name="photopicker_activity:0:required"
176-->[:expo-image-picker] AndroidManifest.xml:38:17-63
177                android:value="" />
177-->[:expo-image-picker] AndroidManifest.xml:39:17-33
178        </service>
179
180        <activity
180-->[:expo-image-picker] AndroidManifest.xml:42:9-44:59
181            android:name="com.canhub.cropper.CropImageActivity"
181-->[:expo-image-picker] AndroidManifest.xml:43:13-64
182            android:exported="true"
182-->[com.github.CanHub:Android-Image-Cropper:4.3.1] AndroidManifest.xml:35:13-36
183            android:theme="@style/Base.Theme.AppCompat" /> <!-- https://developer.android.com/guide/topics/manifest/provider-element.html -->
183-->[:expo-image-picker] AndroidManifest.xml:44:13-56
184        <provider
184-->[:expo-image-picker] AndroidManifest.xml:46:9-54:20
185            android:name="expo.modules.imagepicker.fileprovider.ImagePickerFileProvider"
185-->[:expo-image-picker] AndroidManifest.xml:47:13-89
186            android:authorities="com.countdowntimer.app.ImagePickerFileProvider"
186-->[:expo-image-picker] AndroidManifest.xml:48:13-75
187            android:exported="false"
187-->[:expo-image-picker] AndroidManifest.xml:49:13-37
188            android:grantUriPermissions="true" >
188-->[:expo-image-picker] AndroidManifest.xml:50:13-47
189            <meta-data
189-->[:react-native-webview] AndroidManifest.xml:13:13-15:63
190                android:name="android.support.FILE_PROVIDER_PATHS"
190-->[:react-native-webview] AndroidManifest.xml:14:17-67
191                android:resource="@xml/image_picker_provider_paths" />
191-->[:react-native-webview] AndroidManifest.xml:15:17-60
192        </provider>
193
194        <service
194-->[:expo-notifications] AndroidManifest.xml:11:9-17:19
195            android:name="expo.modules.notifications.service.ExpoFirebaseMessagingService"
195-->[:expo-notifications] AndroidManifest.xml:12:13-91
196            android:exported="false" >
196-->[:expo-notifications] AndroidManifest.xml:13:13-37
197            <intent-filter android:priority="-1" >
197-->[:expo-notifications] AndroidManifest.xml:14:13-16:29
197-->[:expo-notifications] AndroidManifest.xml:14:28-49
198                <action android:name="com.google.firebase.MESSAGING_EVENT" />
198-->[:expo-notifications] AndroidManifest.xml:15:17-78
198-->[:expo-notifications] AndroidManifest.xml:15:25-75
199            </intent-filter>
200        </service>
201
202        <receiver
202-->[:expo-notifications] AndroidManifest.xml:19:9-31:20
203            android:name="expo.modules.notifications.service.NotificationsService"
203-->[:expo-notifications] AndroidManifest.xml:20:13-83
204            android:enabled="true"
204-->[:expo-notifications] AndroidManifest.xml:21:13-35
205            android:exported="false" >
205-->[:expo-notifications] AndroidManifest.xml:22:13-37
206            <intent-filter android:priority="-1" >
206-->[:expo-notifications] AndroidManifest.xml:23:13-30:29
206-->[:expo-notifications] AndroidManifest.xml:23:28-49
207                <action android:name="expo.modules.notifications.NOTIFICATION_EVENT" />
207-->[:expo-notifications] AndroidManifest.xml:24:17-88
207-->[:expo-notifications] AndroidManifest.xml:24:25-85
208                <action android:name="android.intent.action.BOOT_COMPLETED" />
208-->[:expo-notifications] AndroidManifest.xml:25:17-79
208-->[:expo-notifications] AndroidManifest.xml:25:25-76
209                <action android:name="android.intent.action.REBOOT" />
209-->[:expo-notifications] AndroidManifest.xml:26:17-71
209-->[:expo-notifications] AndroidManifest.xml:26:25-68
210                <action android:name="android.intent.action.QUICKBOOT_POWERON" />
210-->[:expo-notifications] AndroidManifest.xml:27:17-82
210-->[:expo-notifications] AndroidManifest.xml:27:25-79
211                <action android:name="com.htc.intent.action.QUICKBOOT_POWERON" />
211-->[:expo-notifications] AndroidManifest.xml:28:17-82
211-->[:expo-notifications] AndroidManifest.xml:28:25-79
212                <action android:name="android.intent.action.MY_PACKAGE_REPLACED" />
212-->[:expo-notifications] AndroidManifest.xml:29:17-84
212-->[:expo-notifications] AndroidManifest.xml:29:25-81
213            </intent-filter>
214        </receiver>
215
216        <activity
216-->[:expo-notifications] AndroidManifest.xml:33:9-40:75
217            android:name="expo.modules.notifications.service.NotificationForwarderActivity"
217-->[:expo-notifications] AndroidManifest.xml:34:13-92
218            android:excludeFromRecents="true"
218-->[:expo-notifications] AndroidManifest.xml:35:13-46
219            android:exported="false"
219-->[:expo-notifications] AndroidManifest.xml:36:13-37
220            android:launchMode="standard"
220-->[:expo-notifications] AndroidManifest.xml:37:13-42
221            android:noHistory="true"
221-->[:expo-notifications] AndroidManifest.xml:38:13-37
222            android:taskAffinity=""
222-->[:expo-notifications] AndroidManifest.xml:39:13-36
223            android:theme="@android:style/Theme.Translucent.NoTitleBar" />
223-->[:expo-notifications] AndroidManifest.xml:40:13-72
224
225        <meta-data
225-->[:expo-modules-core] AndroidManifest.xml:9:9-11:89
226            android:name="org.unimodules.core.AppLoader#react-native-headless"
226-->[:expo-modules-core] AndroidManifest.xml:10:13-79
227            android:value="expo.modules.adapters.react.apploader.RNHeadlessAppLoader" />
227-->[:expo-modules-core] AndroidManifest.xml:11:13-86
228        <meta-data
228-->[:expo-modules-core] AndroidManifest.xml:12:9-15:45
229            android:name="com.facebook.soloader.enabled"
229-->[:expo-modules-core] AndroidManifest.xml:13:13-57
230            android:value="true" />
230-->[:expo-modules-core] AndroidManifest.xml:14:13-33
231
232        <uses-library
232-->[androidx.camera:camera-extensions:1.4.0-beta02] AndroidManifest.xml:29:9-31:40
233            android:name="androidx.camera.extensions.impl"
233-->[androidx.camera:camera-extensions:1.4.0-beta02] AndroidManifest.xml:30:13-59
234            android:required="false" />
234-->[androidx.camera:camera-extensions:1.4.0-beta02] AndroidManifest.xml:31:13-37
235
236        <service
236-->[androidx.camera:camera-camera2:1.4.0-beta02] AndroidManifest.xml:24:9-33:19
237            android:name="androidx.camera.core.impl.MetadataHolderService"
237-->[androidx.camera:camera-camera2:1.4.0-beta02] AndroidManifest.xml:25:13-75
238            android:enabled="false"
238-->[androidx.camera:camera-camera2:1.4.0-beta02] AndroidManifest.xml:26:13-36
239            android:exported="false" >
239-->[androidx.camera:camera-camera2:1.4.0-beta02] AndroidManifest.xml:27:13-37
240            <meta-data
240-->[androidx.camera:camera-camera2:1.4.0-beta02] AndroidManifest.xml:30:13-32:89
241                android:name="androidx.camera.core.impl.MetadataHolderService.DEFAULT_CONFIG_PROVIDER"
241-->[androidx.camera:camera-camera2:1.4.0-beta02] AndroidManifest.xml:31:17-103
242                android:value="androidx.camera.camera2.Camera2Config$DefaultProvider" />
242-->[androidx.camera:camera-camera2:1.4.0-beta02] AndroidManifest.xml:32:17-86
243        </service>
244
245        <provider
245-->[com.github.CanHub:Android-Image-Cropper:4.3.1] AndroidManifest.xml:23:9-31:20
246            android:name="com.canhub.cropper.CropFileProvider"
246-->[com.github.CanHub:Android-Image-Cropper:4.3.1] AndroidManifest.xml:24:13-63
247            android:authorities="com.countdowntimer.app.cropper.fileprovider"
247-->[com.github.CanHub:Android-Image-Cropper:4.3.1] AndroidManifest.xml:25:13-72
248            android:exported="false"
248-->[com.github.CanHub:Android-Image-Cropper:4.3.1] AndroidManifest.xml:26:13-37
249            android:grantUriPermissions="true" >
249-->[com.github.CanHub:Android-Image-Cropper:4.3.1] AndroidManifest.xml:27:13-47
250            <meta-data
250-->[:react-native-webview] AndroidManifest.xml:13:13-15:63
251                android:name="android.support.FILE_PROVIDER_PATHS"
251-->[:react-native-webview] AndroidManifest.xml:14:17-67
252                android:resource="@xml/library_file_paths" />
252-->[:react-native-webview] AndroidManifest.xml:15:17-60
253        </provider>
254
255        <receiver
255-->[com.google.firebase:firebase-messaging:24.0.1] AndroidManifest.xml:29:9-40:20
256            android:name="com.google.firebase.iid.FirebaseInstanceIdReceiver"
256-->[com.google.firebase:firebase-messaging:24.0.1] AndroidManifest.xml:30:13-78
257            android:exported="true"
257-->[com.google.firebase:firebase-messaging:24.0.1] AndroidManifest.xml:31:13-36
258            android:permission="com.google.android.c2dm.permission.SEND" >
258-->[com.google.firebase:firebase-messaging:24.0.1] AndroidManifest.xml:32:13-73
259            <intent-filter>
259-->[com.google.firebase:firebase-messaging:24.0.1] AndroidManifest.xml:33:13-35:29
260                <action android:name="com.google.android.c2dm.intent.RECEIVE" />
260-->[com.google.firebase:firebase-messaging:24.0.1] AndroidManifest.xml:34:17-81
260-->[com.google.firebase:firebase-messaging:24.0.1] AndroidManifest.xml:34:25-78
261            </intent-filter>
262
263            <meta-data
263-->[com.google.firebase:firebase-messaging:24.0.1] AndroidManifest.xml:37:13-39:40
264                android:name="com.google.android.gms.cloudmessaging.FINISHED_AFTER_HANDLED"
264-->[com.google.firebase:firebase-messaging:24.0.1] AndroidManifest.xml:38:17-92
265                android:value="true" />
265-->[com.google.firebase:firebase-messaging:24.0.1] AndroidManifest.xml:39:17-37
266        </receiver>
267        <!--
268             FirebaseMessagingService performs security checks at runtime,
269             but set to not exported to explicitly avoid allowing another app to call it.
270        -->
271        <service
271-->[com.google.firebase:firebase-messaging:24.0.1] AndroidManifest.xml:46:9-53:19
272            android:name="com.google.firebase.messaging.FirebaseMessagingService"
272-->[com.google.firebase:firebase-messaging:24.0.1] AndroidManifest.xml:47:13-82
273            android:directBootAware="true"
273-->[com.google.firebase:firebase-messaging:24.0.1] AndroidManifest.xml:48:13-43
274            android:exported="false" >
274-->[com.google.firebase:firebase-messaging:24.0.1] AndroidManifest.xml:49:13-37
275            <intent-filter android:priority="-500" >
275-->[:expo-notifications] AndroidManifest.xml:14:13-16:29
275-->[:expo-notifications] AndroidManifest.xml:14:28-49
276                <action android:name="com.google.firebase.MESSAGING_EVENT" />
276-->[:expo-notifications] AndroidManifest.xml:15:17-78
276-->[:expo-notifications] AndroidManifest.xml:15:25-75
277            </intent-filter>
278        </service>
279        <service
279-->[com.google.firebase:firebase-messaging:24.0.1] AndroidManifest.xml:54:9-63:19
280            android:name="com.google.firebase.components.ComponentDiscoveryService"
280-->[com.google.firebase:firebase-messaging:24.0.1] AndroidManifest.xml:55:13-84
281            android:directBootAware="true"
281-->[com.google.firebase:firebase-common:21.0.0] AndroidManifest.xml:32:13-43